\BOOKMARK [1][-]{section.1}{\376\377\173\046\123\367\213\364\146\016\116\016\174\373\176\337\151\202\217\360}{}% 1
\BOOKMARK [1][-]{section.2}{\376\377\123\125\116\000\176\247\147\324\140\047\201\302\166\204\217\320\122\250\133\146\143\250\133\374}{}% 2
\BOOKMARK [2][-]{subsection.2.1}{\376\377\136\225\136\247\121\340\117\125\116\016\116\055\225\364\221\317}{section.2}% 3
\BOOKMARK [2][-]{subsection.2.2}{\376\377\237\120\153\041\123\330\143\142\166\204\122\006\211\343}{section.2}% 4
\BOOKMARK [1][-]{section.3}{\376\377\211\322\136\246\123\302\145\160\000\040\000\050\000a\000l\000p\000h\000a\000,\000b\000e\000t\000a\000,\000g\000a\000m\000m\000a\000\051\000\040\166\204\154\102\211\343}{}% 5
\BOOKMARK [2][-]{subsection.3.1}{\376\377\152\052\144\106\211\322\000\040}{section.3}% 6
\BOOKMARK [2][-]{subsection.3.2}{\376\377\144\106\211\322\000\040\000\040\166\204\173\046\123\367\122\044\133\232}{section.3}% 7
\BOOKMARK [2][-]{subsection.3.3}{\376\377\147\053\172\357\211\322\000\040}{section.3}% 8
\BOOKMARK [1][-]{section.4}{\376\377\122\250\122\233\133\146\145\271\172\013\143\250\133\374}{}% 9
\BOOKMARK [2][-]{subsection.4.1}{\376\377\215\050\221\317\167\351\226\065}{section.4}% 10
\BOOKMARK [2][-]{subsection.4.2}{\376\377\176\246\147\137\226\305\123\357\153\324\167\351\226\065}{section.4}% 11
\BOOKMARK [2][-]{subsection.4.3}{\376\377\131\026\122\233\060\001\145\057\144\221\122\233\116\016\143\247\122\066\122\233}{section.4}% 12
\BOOKMARK [2][-]{subsection.4.4}{\376\377\133\214\145\164\122\250\122\233\133\146\145\271\172\013}{section.4}% 13
\BOOKMARK [1][-]{section.5}{\376\377\131\032\176\247\116\062\200\124\174\373\176\337\166\204\145\164\117\123\176\246\147\137\122\250\122\233\133\146}{}% 14
\BOOKMARK [2][-]{subsection.5.1}{\376\377\176\337\116\000\162\266\140\001\124\021\221\317\116\016\215\050\221\317\167\351\226\065}{section.5}% 15
\BOOKMARK [2][-]{subsection.5.2}{\376\377\220\020\176\247\217\336\143\245\176\246\147\137\121\375\145\160}{section.5}% 16
\BOOKMARK [2][-]{subsection.5.3}{\376\377\145\164\117\123\176\246\147\137\226\305\123\357\153\324}{section.5}% 17
\BOOKMARK [2][-]{subsection.5.4}{\376\377\131\032\121\163\202\202\122\250\122\233\133\146\145\271\172\013}{section.5}% 18
\BOOKMARK [2][-]{subsection.5.5}{\376\377\116\062\200\124\174\373\176\337\166\204\217\320\122\250\133\146\217\375\216\052}{section.5}% 19
\BOOKMARK [1][-]{section.6}{\376\377\167\351\226\065\131\107\137\002\123\026\116\016\145\160\120\074\172\063\133\232\140\047\166\204\131\004\164\006}{}% 20
\BOOKMARK [1][-]{section.7}{\376\377\133\236\163\260\116\016\143\250\133\374\166\204\116\000\201\364\140\047\150\300\147\345}{}% 21
\BOOKMARK [1][-]{section.8}{\376\377\232\214\213\301\116\016\145\160\120\074\133\236\163\260\154\350\141\017\116\213\230\171}{}% 22
\BOOKMARK [1][-]{section.9}{\376\377\152\041\127\213\217\223\121\145}{}% 23
\BOOKMARK [1][-]{section.10}{\376\377\116\377\167\037\176\323\147\234\123\357\211\306\123\026}{}% 24
\BOOKMARK [1][-]{section.11}{\376\377\176\323\213\272}{}% 25
